<?xml version="1.0" encoding="UTF-8"?>
<testng-results total="1" passed="1" failed="0" skipped="0">
  <reporter-output>
  </reporter-output>
  <suite started-at="2023-09-11T15:02:16Z" name="Surefire suite" finished-at="2023-09-11T15:02:19Z" duration-ms="3636">
    <groups>
    </groups>
    <test started-at="2023-09-11T15:02:16Z" name="Surefire test" finished-at="2023-09-11T15:02:19Z" duration-ms="3636">
      <class name="testcases.Login_test">
        <test-method is-config="true" signature="beforetest()[pri:0, instance:testcases.Login_test@3b07a0d6]" started-at="2023-09-11T20:32:16Z" name="beforetest" finished-at="2023-09-11T20:32:19Z" duration-ms="2939" status="PASS">
          <reporter-output>
          </reporter-output>
        </test-method> <!-- beforetest -->
        <test-method signature="login_test_with_valid_data()[pri:0, instance:testcases.Login_test@3b07a0d6]" started-at="2023-09-11T20:32:19Z" name="login_test_with_valid_data" finished-at="2023-09-11T20:32:19Z" duration-ms="692" status="PASS">
          <reporter-output>
          </reporter-output>
        </test-method> <!-- login_test_with_valid_data -->
      </class> <!-- testcases.Login_test -->
    </test> <!-- Surefire test -->
  </suite> <!-- Surefire suite -->
</testng-results>
