<?xml version="1.0" encoding="UTF-8"?>
<testng-results total="1" passed="1" failed="0" skipped="0">
  <reporter-output>
  </reporter-output>
  <suite started-at="2023-09-10T13:52:13Z" name="Default suite" finished-at="2023-09-10T13:52:15Z" duration-ms="1906">
    <groups>
    </groups>
    <test started-at="2023-09-10T13:52:13Z" name="Default test" finished-at="2023-09-10T13:52:15Z" duration-ms="1906">
      <class name="testcases.Login_test">
        <test-method is-config="true" signature="beforetest()[pri:0, instance:testcases.Login_test@74a6f9c1]" started-at="2023-09-10T19:22:13Z" name="beforetest" finished-at="2023-09-10T19:22:15Z" duration-ms="1893" status="PASS">
          <reporter-output>
          </reporter-output>
        </test-method> <!-- beforetest -->
        <test-method signature="login_test_with_valid_data()[pri:0, instance:testcases.Login_test@74a6f9c1]" started-at="2023-09-10T19:22:15Z" name="login_test_with_valid_data" finished-at="2023-09-10T19:22:15Z" duration-ms="5" status="PASS">
          <reporter-output>
          </reporter-output>
        </test-method> <!-- login_test_with_valid_data -->
      </class> <!-- testcases.Login_test -->
    </test> <!-- Default test -->
  </suite> <!-- Default suite -->
</testng-results>
